[debug] [2024-07-04T09:23:33.333Z] ----------------------------------------------------------------------
[debug] [2024-07-04T09:23:33.336Z] Command:       /Users/anthonyasaro/.nvm/versions/node/v21.4.0/bin/node /Users/anthonyasaro/.nvm/versions/node/v21.4.0/bin/firebase ext:dev:upload hundop/greet-the-world
[debug] [2024-07-04T09:23:33.337Z] CLI Version:   13.13.0
[debug] [2024-07-04T09:23:33.337Z] Platform:      darwin
[debug] [2024-07-04T09:23:33.337Z] Node Version:  v21.4.0
[debug] [2024-07-04T09:23:33.337Z] Time:          Thu Jul 04 2024 02:23:33 GMT-0700 (Mountain Standard Time)
[debug] [2024-07-04T09:23:33.338Z] ----------------------------------------------------------------------
[debug] 
[debug] [2024-07-04T09:23:33.347Z] > command requires scopes: ["email","openid","https://www.googleapis.com/auth/cloudplatformprojects.readonly","https://www.googleapis.com/auth/firebase","https://www.googleapis.com/auth/cloud-platform"]
[debug] [2024-07-04T09:23:33.347Z] > authorizing via signed-in user (asaro913@gmail.com)
[debug] [2024-07-04T09:23:33.351Z] >>> [apiv2][query] GET https://firebaseextensionspublisher.googleapis.com/v1beta/projects/-/publisherProfile publisherId=hundop
[debug] [2024-07-04T09:23:34.526Z] <<< [apiv2][status] GET https://firebaseextensionspublisher.googleapis.com/v1beta/projects/-/publisherProfile 200
[debug] [2024-07-04T09:23:34.526Z] <<< [apiv2][body] GET https://firebaseextensionspublisher.googleapis.com/v1beta/projects/-/publisherProfile {"name":"projects/387972606708/publisherProfile","publisherId":"hundop","registerTime":"2024-07-04T08:31:22.768278Z","displayName":"hundop","state":"ACTIVE"}
[debug] [2024-07-04T09:23:34.527Z] >>> [apiv2][query] GET https://firebase.googleapis.com/v1beta1/projects/387972606708 [none]
[debug] [2024-07-04T09:23:34.921Z] <<< [apiv2][status] GET https://firebase.googleapis.com/v1beta1/projects/387972606708 200
[debug] [2024-07-04T09:23:34.921Z] <<< [apiv2][body] GET https://firebase.googleapis.com/v1beta1/projects/387972606708 {"projectId":"hundop-f3d06","projectNumber":"387972606708","displayName":"hundop-f3d06","name":"projects/hundop-f3d06","resources":{"hostingSite":"hundop-f3d06"},"state":"ACTIVE","etag":"1_37dd227f-21d8-4f7c-9ca9-8fd5f0833068"}
[debug] [2024-07-04T09:23:34.921Z] Checking if latest publisher TOS has been accepted by 387972606708...
[debug] [2024-07-04T09:23:34.921Z] >>> [apiv2][query] GET https://firebaseextensionstos-pa.googleapis.com/v1/projects/387972606708/publishertos [none]
[debug] [2024-07-04T09:23:35.438Z] <<< [apiv2][status] GET https://firebaseextensionstos-pa.googleapis.com/v1/projects/387972606708/publishertos 200
[debug] [2024-07-04T09:23:35.439Z] <<< [apiv2][body] GET https://firebaseextensionstos-pa.googleapis.com/v1/projects/387972606708/publishertos {"name":"projects/387972606708/publishertos","latestTosVersion":"v1"}
[info] To continue, you must accept the Firebase Extensions Publisher Terms of Service: https://firebase.google.com/terms/extensions/publisher
[debug] [2024-07-04T09:23:38.881Z] >>> [apiv2][query] POST https://firebaseextensionstos-pa.googleapis.com/v1/projects/387972606708/publishertos:accept [none]
[debug] [2024-07-04T09:23:38.881Z] >>> [apiv2][body] POST https://firebaseextensionstos-pa.googleapis.com/v1/projects/387972606708/publishertos:accept {"name":"project/387972606708/publishertos","version":"v1"}
[debug] [2024-07-04T09:23:39.053Z] <<< [apiv2][status] POST https://firebaseextensionstos-pa.googleapis.com/v1/projects/387972606708/publishertos:accept 200
[debug] [2024-07-04T09:23:39.054Z] <<< [apiv2][body] POST https://firebaseextensionstos-pa.googleapis.com/v1/projects/387972606708/publishertos:accept {"name":"projects/387972606708/publishertos","lastAcceptedVersion":"v1","lastAcceptedTime":"2024-07-04T09:23:39.086010Z","latestTosVersion":"v1"}
[debug] [2024-07-04T09:23:39.055Z] >>> [apiv2][query] GET https://firebaseextensionspublisher.googleapis.com/v1beta/publishers/hundop/extensions/greet-the-world [none]
[debug] [2024-07-04T09:23:39.433Z] <<< [apiv2][status] GET https://firebaseextensionspublisher.googleapis.com/v1beta/publishers/hundop/extensions/greet-the-world 404
[debug] [2024-07-04T09:23:39.433Z] <<< [apiv2][body] GET https://firebaseextensionspublisher.googleapis.com/v1beta/publishers/hundop/extensions/greet-the-world {"error":{"code":404,"message":"Extension `publishers/hundop/extensions/greet-the-world` not found","status":"NOT_FOUND"}}
[info] 
Extension: hundop/greet-the-world
State: New

